TN:
SF:src/basicfunction.ts
FN:10,add
FNF:1
FNH:1
FNDA:2,add
DA:1,1
DA:2,1
DA:3,1
DA:4,1
DA:5,1
DA:6,1
DA:7,1
DA:8,1
DA:9,1
DA:10,1
DA:11,2
DA:12,2
LF:12
LH:12
BRDA:10,0,0,2
BRF:1
BRH:1
end_of_record
TN:
SF:src/EJERCICIO/EnumerationColor.ts
FNF:0
FNH:0
DA:1,1
DA:2,1
DA:3,1
DA:4,1
DA:5,1
DA:6,1
DA:7,1
DA:8,1
DA:9,1
DA:10,1
DA:11,1
DA:12,1
DA:13,1
DA:14,1
DA:15,1
DA:16,1
DA:17,1
DA:18,1
DA:19,1
DA:20,1
LF:20
LH:20
BRDA:7,0,0,1
BRF:1
BRH:1
end_of_record
TN:
SF:src/EJERCICIO/EnumerationLineType.ts
FNF:0
FNH:0
DA:1,1
DA:2,1
DA:3,1
DA:4,1
DA:5,1
DA:6,1
DA:7,1
DA:8,1
DA:9,1
DA:10,1
DA:11,1
DA:12,1
DA:13,1
LF:13
LH:13
BRDA:5,0,0,1
BRF:1
BRH:1
end_of_record
TN:
SF:src/EJERCICIO/EnumerationRarity.ts
FNF:0
FNH:0
DA:1,1
DA:2,1
DA:3,1
DA:4,1
DA:5,1
DA:6,1
DA:7,1
DA:8,1
DA:9,1
DA:10,1
DA:11,1
LF:11
LH:11
BRDA:6,0,0,1
BRF:1
BRH:1
end_of_record
TN:
SF:src/EJERCICIO/FileManager.ts
FN:16,<instance_members_initializer>
FN:28,FileManager
FN:36,getUserDir
FN:46,getFilePath
FN:56,save
FN:71,load
FNF:6
FNH:6
FNDA:24,<instance_members_initializer>
FNDA:24,FileManager
FNDA:5,getUserDir
FNDA:18,getFilePath
FNDA:7,save
FNDA:24,load
DA:1,1
DA:2,1
DA:3,1
DA:4,1
DA:5,1
DA:6,1
DA:7,1
DA:8,1
DA:9,1
DA:10,1
DA:11,1
DA:12,1
DA:13,1
DA:14,1
DA:15,1
DA:16,1
DA:17,24
DA:18,24
DA:19,24
DA:20,24
DA:21,24
DA:22,24
DA:23,24
DA:24,24
DA:25,24
DA:26,24
DA:27,24
DA:28,24
DA:29,24
DA:30,24
DA:31,24
DA:32,24
DA:33,24
DA:34,24
DA:35,24
DA:36,24
DA:37,5
DA:38,5
DA:39,24
DA:40,24
DA:41,24
DA:42,24
DA:43,24
DA:44,24
DA:45,24
DA:46,24
DA:47,18
DA:48,18
DA:49,24
DA:50,24
DA:51,24
DA:52,24
DA:53,24
DA:54,24
DA:55,24
DA:56,24
DA:57,7
DA:58,1
DA:59,1
DA:60,7
DA:61,7
DA:62,7
DA:63,7
DA:64,24
DA:65,24
DA:66,24
DA:67,24
DA:68,24
DA:69,24
DA:70,24
DA:71,24
DA:72,24
DA:73,24
DA:74,24
DA:75,24
DA:76,28
DA:77,28
DA:78,28
DA:79,28
DA:80,24
DA:81,24
DA:82,24
DA:83,24
LF:83
LH:83
BRDA:16,0,0,24
BRDA:28,1,0,24
BRDA:36,2,0,5
BRDA:46,3,0,18
BRDA:56,4,0,7
BRDA:57,5,0,1
BRDA:71,6,0,24
BRDA:75,7,0,28
BRF:8
BRH:8
end_of_record
TN:
SF:src/EJERCICIO/User.ts
FN:20,<instance_members_initializer>
FN:44,CardCollection
FN:57,getColorCode
FN:79,loadCollection
FN:90,addCard
FN:115,updateCard
FN:134,removeCard
FN:160,listCards
FN:191,readCard
FNF:9
FNH:9
FNDA:23,<instance_members_initializer>
FNDA:23,CardCollection
FNDA:13,getColorCode
FNDA:23,loadCollection
FNDA:20,addCard
FNDA:2,updateCard
FNDA:3,removeCard
FNDA:2,listCards
FNDA:3,readCard
DA:1,1
DA:2,1
DA:3,1
DA:4,1
DA:5,1
DA:6,1
DA:7,1
DA:8,1
DA:9,1
DA:10,1
DA:11,1
DA:12,1
DA:13,1
DA:14,1
DA:15,1
DA:16,1
DA:17,1
DA:18,1
DA:19,1
DA:20,1
DA:21,23
DA:22,23
DA:23,23
DA:24,23
DA:25,23
DA:26,23
DA:27,23
DA:28,23
DA:29,23
DA:30,23
DA:31,23
DA:32,23
DA:33,23
DA:34,23
DA:35,23
DA:36,23
DA:37,23
DA:38,23
DA:39,23
DA:40,23
DA:41,23
DA:42,23
DA:43,23
DA:44,23
DA:45,23
DA:46,23
DA:47,23
DA:48,23
DA:49,23
DA:50,23
DA:51,23
DA:52,23
DA:53,23
DA:54,23
DA:55,23
DA:56,23
DA:57,23
DA:58,13
DA:59,13
DA:60,13
DA:61,13
DA:62,13
DA:63,13
DA:64,13
DA:65,13
DA:66,13
DA:67,13
DA:68,13
DA:69,13
DA:70,13
DA:71,13
DA:72,13
DA:73,13
DA:74,23
DA:75,23
DA:76,23
DA:77,23
DA:78,23
DA:79,23
DA:80,23
DA:81,23
DA:82,23
DA:83,23
DA:84,23
DA:85,23
DA:86,23
DA:87,23
DA:88,23
DA:89,23
DA:90,23
DA:91,20
DA:92,20
DA:93,18
DA:94,20
DA:95,2
DA:96,2
DA:97,2
DA:98,2
DA:99,2
DA:100,0
DA:101,0
DA:102,2
DA:103,2
DA:104,2
DA:105,2
DA:106,20
DA:107,23
DA:108,23
DA:109,23
DA:110,23
DA:111,23
DA:112,23
DA:113,23
DA:114,23
DA:115,23
DA:116,2
DA:117,2
DA:118,2
DA:119,2
DA:120,0
DA:121,0
DA:122,0
DA:123,0
DA:124,2
DA:125,23
DA:126,23
DA:127,23
DA:128,23
DA:129,23
DA:130,23
DA:131,23
DA:132,23
DA:133,23
DA:134,23
DA:135,3
DA:136,3
DA:137,3
DA:138,3
DA:139,2
DA:140,3
DA:141,1
DA:142,1
DA:143,1
DA:144,1
DA:145,1
DA:146,1
DA:147,1
DA:148,0
DA:149,0
DA:150,1
DA:151,3
DA:152,23
DA:153,23
DA:154,23
DA:155,23
DA:156,23
DA:157,23
DA:158,23
DA:159,23
DA:160,23
DA:161,2
DA:162,2
DA:163,4
DA:164,4
DA:165,4
DA:166,4
DA:167,4
DA:168,4
DA:169,4
DA:170,4
DA:171,4
DA:172,0
DA:173,0
DA:174,4
DA:175,0
DA:176,0
DA:177,4
DA:178,4
DA:179,2
DA:180,2
DA:181,23
DA:182,23
DA:183,23
DA:184,23
DA:185,23
DA:186,23
DA:187,23
DA:188,23
DA:189,23
DA:190,23
DA:191,23
DA:192,3
DA:193,3
DA:194,2
DA:195,3
DA:196,1
DA:197,1
DA:198,1
DA:199,1
DA:200,1
DA:201,1
DA:202,1
DA:203,1
DA:204,1
DA:205,0
DA:206,0
DA:207,1
DA:208,0
DA:209,0
DA:210,1
DA:211,1
DA:212,3
DA:213,23
LF:213
LH:197
BRDA:20,0,0,23
BRDA:44,1,0,23
BRDA:57,2,0,13
BRDA:72,3,0,0
BRDA:79,4,0,23
BRDA:90,5,0,20
BRDA:92,6,0,18
BRDA:94,7,0,2
BRDA:99,8,0,0
BRDA:92,9,0,23
BRDA:115,10,0,2
BRDA:119,11,0,0
BRDA:116,12,0,2
BRDA:134,13,0,3
BRDA:138,14,0,2
BRDA:140,15,0,1
BRDA:147,16,0,0
BRDA:136,17,0,3
BRDA:160,18,0,2
BRDA:162,19,0,4
BRDA:171,20,0,2
BRDA:171,21,0,0
BRDA:171,22,0,0
BRDA:174,23,0,0
BRDA:174,24,0,0
BRDA:191,25,0,3
BRDA:193,26,0,2
BRDA:195,27,0,1
BRDA:204,28,0,0
BRDA:204,29,0,0
BRDA:207,30,0,0
BRDA:207,31,0,0
BRDA:192,32,0,5
BRF:33
BRH:21
end_of_record
TN:
SF:src/MODIFICACION/Metodos.ts
FN:12,addCard
FN:46,updateCard
FNF:2
FNH:2
FNDA:2,addCard
FNDA:4,updateCard
DA:1,1
DA:2,1
DA:3,1
DA:4,1
DA:5,1
DA:6,1
DA:7,1
DA:8,1
DA:9,1
DA:10,1
DA:11,1
DA:12,1
DA:13,2
DA:14,2
DA:15,1
DA:16,1
DA:17,1
DA:18,1
DA:19,1
DA:20,1
DA:21,1
DA:22,1
DA:23,1
DA:24,0
DA:25,1
DA:26,1
DA:27,1
DA:28,1
DA:29,0
DA:30,1
DA:31,1
DA:32,1
DA:33,1
DA:34,1
DA:35,1
DA:36,1
DA:37,2
DA:38,1
DA:39,1
DA:40,1
DA:41,1
DA:42,1
DA:43,1
DA:44,1
DA:45,1
DA:46,1
DA:47,4
DA:48,4
DA:49,2
DA:50,2
DA:51,2
DA:52,2
DA:53,2
DA:54,2
DA:55,2
DA:56,0
DA:57,2
DA:58,2
DA:59,2
DA:60,2
DA:61,2
DA:62,4
LF:62
LH:59
BRDA:12,0,0,2
BRDA:14,1,0,1
BRDA:14,2,0,1
BRDA:21,3,0,1
BRDA:23,4,0,0
BRDA:27,5,0,1
BRDA:28,6,0,0
BRDA:46,7,0,4
BRDA:48,8,0,2
BRDA:47,9,0,2
BRDA:54,10,0,2
BRDA:55,11,0,0
BRF:12
BRH:9
end_of_record
